gijon
   -[29754] gijon 100
   -[29884] gijon 12
   -[30097] gijon 8778
   -[30422] gijon 0
   -[434] gijon 99968547
   -[570] gijon 772
   -[797] gijon 8002
   -[1152] gijon 4658
   -[3714] gijon 9
   -[3842] gijon 34785
barcelona
   -[4105] barcelona 100
   -[4430] barcelona 12
   -[6928] barcelona 8778
   -[7026] barcelona 0
   -[7123] barcelona 99968547
   -[7226] barcelona 772
   -[9762] barcelona 8002
   -[9861] barcelona 4658
   -[9958] barcelona 9
   -[10062] barcelona 34785
madrid
   -[12660] madrid 100
   -[12710] madrid 12
   -[12781] madrid 8778
   -[12878] madrid 0
   -[15509] madrid 99968547
   -[15559] madrid 772
   -[15703] madrid 8002
   -[15743] madrid 4658
   -[18355] madrid 9
   -[18379] madrid 34785
paris
   -[18476] paris 100
   -[18648] paris 12
   -[21272] paris 8778
   -[21369] paris 0
   -[21466] paris 99968547
   -[21563] paris 772
   -[24200] paris 8002
   -[24297] paris 4658
   -[24394] paris 9
   -[24492] paris 34785
newyorkcity
   -[27094] newyorkcity 100
   -[27144] newyorkcity 12
   -[27215] newyorkcity 8778
   -[27313] newyorkcity 0
   -[29935] newyorkcity 99968547
   -[29960] newyorkcity 772
   -[30057] newyorkcity 8002
   -[30154] newyorkcity 4658
   -[303] newyorkcity 9
   -[328] newyorkcity 34785
london
   -[430] london 100
   -[536] london 12
   -[3403] london 8778
   -[3428] london 0
   -[3526] london 99968547
   -[3623] london 772
   -[7108] london 8002
   -[7132] london 4658
   -[7229] london 9
   -[7342] london 34785
