london
   -[22585] london .01 0 100
   -[22713] london .01 0 12
   -[22798] london .01 0 8778
   -[22948] london .01 0 0
   -[23051] london .01 0 99968547
   -[23179] london .01 0 772
   -[23390] london .01 0 8002
   -[23518] london .01 0 4658
   -[23604] london .01 0 9
   -[23728] london .01 0 34785
   -[23857] london .05 0 100
   -[24031] london .05 0 12
   -[24201] london .05 0 8778
   -[24276] london .05 0 0
   -[24451] london .05 0 99968547
   -[24540] london .05 0 772
   -[24651] london .05 0 8002
   -[24789] london .05 0 4658
   -[1147] london .05 0 9
   -[1228] london .05 0 34785
   -[1328] london .1 0 100
   -[1429] london .1 0 12
   -[1513] london .1 0 8778
   -[1654] london .1 0 0
   -[13874] london .1 0 99968547
   -[13926] london .1 0 772
   -[14071] london .1 0 8002
   -[14128] london .1 0 4658
   -[14206] london .1 0 9
   -[14314] london .1 0 34785
   -[27071] london .15 0 100
   -[27195] london .15 0 12
   -[27371] london .15 0 8778
   -[27502] london .15 0 0
   -[27580] london .15 0 99968547
   -[27684] london .15 0 772
   -[7576] london .15 0 8002
   -[7628] london .15 0 4658
   -[7727] london .15 0 9
   -[7831] london .15 0 34785
   -[7910] london .2 0 100
   -[8014] london .2 0 12
   -[20256] london .2 0 8778
   -[20307] london .2 0 0
   -[20408] london .2 0 99968547
   -[20488] london .2 0 772
   -[20592] london .2 0 8002
   -[20696] london .2 0 4658
   -[1027] london .2 0 9
   -[1055] london .2 0 34785
   -[1204] london .25 0 100
   -[1292] london .25 0 12
   -[1396] london .25 0 8778
   -[1503] london .25 0 0
   -[14192] london .25 0 99968547
   -[14217] london .25 0 772
   -[14339] london .25 0 8002
   -[14447] london .25 0 4658
   -[14525] london .25 0 9
   -[14630] london .25 0 34785
   -[26892] london .3 0 100
   -[26918] london .3 0 12
   -[27047] london .3 0 8778
   -[27127] london .3 0 0
   -[27230] london .3 0 99968547
   -[27336] london .3 0 772
   -[7649] london .3 0 8002
   -[7674] london .3 0 4658
   -[7775] london .3 0 9
   -[7880] london .3 0 34785
   -[7983] london .35 0 100
   -[8088] london .35 0 12
   -[20859] london .35 0 8778
   -[20891] london .35 0 0
   -[20993] london .35 0 99968547
   -[21173] london .35 0 772
   -[21204] london .35 0 8002
   -[21310] london .35 0 4658
   -[2848] london .35 0 9
   -[2909] london .35 0 34785
